Added Component: Designator=P1(HDR1X6)
Added Component: Designator=P2(DIP2)
Added Component: Designator=P3(DIP2)
Added Component: Designator=R1(AXIAL-0.4)
Added Component: Designator=R2(AXIAL-0.4)
Added Component: Designator=R3(AXIAL-0.4)
Added Component: Designator=R4(AXIAL-0.4)
Added Component: Designator=U1(DIP8)
Added Component: Designator=U2(DIP8)
Added Pin To Net: NetName=GND Pin=P1-6
Added Pin To Net: NetName=GND Pin=U1-5
Added Pin To Net: NetName=GND Pin=U1-8
Added Pin To Net: NetName=GND Pin=U2-5
Added Pin To Net: NetName=GND Pin=U2-8
Added Net: Name=GND
Added Pin To Net: NetName=NetP1_2 Pin=P1-2
Added Pin To Net: NetName=NetP1_2 Pin=R4-1
Added Pin To Net: NetName=NetP1_2 Pin=U1-7
Added Net: Name=NetP1_2
Added Pin To Net: NetName=NetP1_3 Pin=P1-3
Added Pin To Net: NetName=NetP1_3 Pin=R3-1
Added Pin To Net: NetName=NetP1_3 Pin=U1-6
Added Net: Name=NetP1_3
Added Pin To Net: NetName=NetP1_4 Pin=P1-4
Added Pin To Net: NetName=NetP1_4 Pin=R2-1
Added Pin To Net: NetName=NetP1_4 Pin=U2-7
Added Net: Name=NetP1_4
Added Pin To Net: NetName=NetP1_5 Pin=P1-5
Added Pin To Net: NetName=NetP1_5 Pin=R1-1
Added Pin To Net: NetName=NetP1_5 Pin=U2-6
Added Net: Name=NetP1_5
Added Pin To Net: NetName=NetP2_1 Pin=P2-1
Added Pin To Net: NetName=NetP2_1 Pin=U2-1
Added Net: Name=NetP2_1
Added Pin To Net: NetName=NetP2_2 Pin=P2-2
Added Pin To Net: NetName=NetP2_2 Pin=U2-4
Added Net: Name=NetP2_2
Added Pin To Net: NetName=NetP3_1 Pin=P3-1
Added Pin To Net: NetName=NetP3_1 Pin=U1-1
Added Net: Name=NetP3_1
Added Pin To Net: NetName=NetP3_2 Pin=P3-2
Added Pin To Net: NetName=NetP3_2 Pin=U1-4
Added Net: Name=NetP3_2
Added Pin To Net: NetName=VSS Pin=P1-1
Added Pin To Net: NetName=VSS Pin=R1-2
Added Pin To Net: NetName=VSS Pin=R2-2
Added Pin To Net: NetName=VSS Pin=R3-2
Added Pin To Net: NetName=VSS Pin=R4-2
Added Pin To Net: NetName=VSS Pin=U1-2
Added Pin To Net: NetName=VSS Pin=U1-3
Added Pin To Net: NetName=VSS Pin=U2-2
Added Pin To Net: NetName=VSS Pin=U2-3
Added Net: Name=VSS
Added Class: Name=Motor
Added Room: Name=Motor
